<?xml version="1.0" encoding="UTF-8"?>
<testsuite name="TestSuite" time="1.689" tests="6" errors="0" skipped="5" failures="1">
  <properties>
[...]
</properties>
  <testcase name="init" classname="com.prokarma.main.DriverScript" time="1.689">
    <failure message="Test Failed : Access denied for user &apos;root&apos;@&apos;localhost&apos; (using password: NO)" type="java.lang.AssertionError">java.lang.AssertionError: Test Failed : Access denied for user 'root'@'localhost' (using password: NO)
	at org.testng.Assert.fail(Assert.java:94)
	at com.prokarma.testfactory.APITestFactory.testFailed(APITestFactory.java:559)
	at com.prokarma.testfactory.APITestFactory.init(APITestFactory.java:75)
	at sun.reflect.NativeMethodAccessorImpl.invoke0(Native Method)
	at sun.reflect.NativeMethodAccessorImpl.invoke(NativeMethodAccessorImpl.java:62)
	at sun.reflect.DelegatingMethodAccessorImpl.invoke(DelegatingMethodAccessorImpl.java:43)
	at java.lang.reflect.Method.invoke(Method.java:483)
	at org.testng.internal.MethodInvocationHelper.invokeMethod(MethodInvocationHelper.java:84)
	at org.testng.internal.Invoker.invokeConfigurationMethod(Invoker.java:564)
	at org.testng.internal.Invoker.invokeConfigurations(Invoker.java:213)
	at org.testng.internal.Invoker.invokeConfigurations(Invoker.java:138)
	at org.testng.internal.TestMethodWorker.invokeBeforeClassMethods(TestMethodWorker.java:175)
	at org.testng.internal.TestMethodWorker.run(TestMethodWorker.java:107)
	at org.testng.TestRunner.privateRun(TestRunner.java:767)
	at org.testng.TestRunner.run(TestRunner.java:617)
	at org.testng.SuiteRunner.runTest(SuiteRunner.java:348)
	at org.testng.SuiteRunner.runSequentially(SuiteRunner.java:343)
	at org.testng.SuiteRunner.privateRun(SuiteRunner.java:305)
	at org.testng.SuiteRunner.run(SuiteRunner.java:254)
	at org.testng.SuiteRunnerWorker.runSuite(SuiteRunnerWorker.java:52)
	at org.testng.SuiteRunnerWorker.run(SuiteRunnerWorker.java:86)
	at org.testng.TestNG.runSuitesSequentially(TestNG.java:1224)
	at org.testng.TestNG.runSuitesLocally(TestNG.java:1149)
	at org.testng.TestNG.run(TestNG.java:1057)
	at org.apache.maven.surefire.testng.TestNGExecutor.run(TestNGExecutor.java:295)
	at org.apache.maven.surefire.testng.TestNGXmlTestSuite.execute(TestNGXmlTestSuite.java:84)
	at org.apache.maven.surefire.testng.TestNGProvider.invoke(TestNGProvider.java:90)
	at org.apache.maven.surefire.booter.ForkedBooter.invokeProviderInSameClassLoader(ForkedBooter.java:203)
	at org.apache.maven.surefire.booter.ForkedBooter.runSuitesInProcess(ForkedBooter.java:155)
	at org.apache.maven.surefire.booter.ForkedBooter.main(ForkedBooter.java:103)
</failure>
  </testcase>
  <testcase name="test" classname="com.prokarma.main.DriverScript" time="0">
    <skipped/>
  </testcase>
  <testcase name="test" classname="com.prokarma.main.DriverScript" time="0">
    <skipped/>
  </testcase>
  <testcase name="test" classname="com.prokarma.main.DriverScript" time="0">
    <skipped/>
  </testcase>
  <testcase name="test" classname="com.prokarma.main.DriverScript" time="0">
    <skipped/>
  </testcase>
  <testcase name="tearDown" classname="com.prokarma.main.DriverScript" time="0">
    <skipped/>
  </testcase>
</testsuite>