<?xml version="1.0" encoding="UTF-8"?>
<testng-results skipped="1" failed="0" total="4" passed="3">
  <reporter-output>
  </reporter-output>
  <suite name="API_Testing" duration-ms="2982" started-at="2015-02-10T08:14:21Z" finished-at="2015-02-10T08:14:24Z">
    <groups>
    </groups>
    <test name="Disputes Webservices Testing" duration-ms="2982" started-at="2015-02-10T08:14:21Z" finished-at="2015-02-10T08:14:24Z">
      <class name="com.prokarma.main.DriverScript">
        <test-method status="PASS" signature="setUp()[pri:0, instance:com.prokarma.main.DriverScript@4232c52b]" name="setUp" is-config="true" duration-ms="600" started-at="2015-02-10T13:44:21Z" finished-at="2015-02-10T13:44:21Z">
          <reporter-output>
          </reporter-output>
        </test-method> <!-- setUp -->
        <test-method status="PASS" signature="init()[pri:0, instance:com.prokarma.main.DriverScript@4232c52b]" name="init" is-config="true" duration-ms="180" started-at="2015-02-10T13:44:21Z" finished-at="2015-02-10T13:44:22Z">
          <reporter-output>
          </reporter-output>
        </test-method> <!-- init -->
        <test-method status="PASS" signature="test(com.prokarma.dataprovider.RowDataWrapper)[pri:0, instance:com.prokarma.main.DriverScript@4232c52b]" name="test" duration-ms="2216" started-at="2015-02-10T13:44:22Z" data-provider="getRowData" finished-at="2015-02-10T13:44:24Z">
          <params>
            <param index="0">
              <value>
                <![CDATA[TC_001: Emploee Date - Get Player details]]>
              </value>
            </param>
          </params>
          <reporter-output>
          </reporter-output>
        </test-method> <!-- test -->
        <test-method status="PASS" signature="test(com.prokarma.dataprovider.RowDataWrapper)[pri:0, instance:com.prokarma.main.DriverScript@4232c52b]" name="test" duration-ms="260" started-at="2015-02-10T13:44:24Z" data-provider="getRowData" finished-at="2015-02-10T13:44:24Z">
          <params>
            <param index="0">
              <value>
                <![CDATA[TC_002: Emploee Date - Get Player details]]>
              </value>
            </param>
          </params>
          <reporter-output>
          </reporter-output>
        </test-method> <!-- test -->
        <test-method status="PASS" signature="test(com.prokarma.dataprovider.RowDataWrapper)[pri:0, instance:com.prokarma.main.DriverScript@4232c52b]" name="test" duration-ms="143" started-at="2015-02-10T13:44:24Z" data-provider="getRowData" finished-at="2015-02-10T13:44:24Z">
          <params>
            <param index="0">
              <value>
                <![CDATA[TC_003: Emploee Date - Get Player details]]>
              </value>
            </param>
          </params>
          <reporter-output>
          </reporter-output>
        </test-method> <!-- test -->
        <test-method status="SKIP" signature="test(com.prokarma.dataprovider.RowDataWrapper)[pri:0, instance:com.prokarma.main.DriverScript@4232c52b]" name="test" duration-ms="152" started-at="2015-02-10T13:44:24Z" data-provider="getRowData" finished-at="2015-02-10T13:44:24Z">
          <params>
            <param index="0">
              <value>
                <![CDATA[TC_004: Dispute summary Count - Invalid SE Number]]>
              </value>
            </param>
          </params>
          <exception class="org.testng.SkipException">
            <message>
              <![CDATA[Test Skipped : TC_004 : Test Skipped as Run Mode was NO]]>
            </message>
            <full-stacktrace>
              <![CDATA[org.testng.SkipException: Test Skipped : TC_004 : Test Skipped as Run Mode was NO
	at com.prokarma.testfactory.APITestFactory.testSkipped(APITestFactory.java:533)
	at com.prokarma.main.DriverScript.test(DriverScript.java:60)
	at sun.reflect.NativeMethodAccessorImpl.invoke0(Native Method)
	at sun.reflect.NativeMethodAccessorImpl.invoke(NativeMethodAccessorImpl.java:62)
	at sun.reflect.DelegatingMethodAccessorImpl.invoke(DelegatingMethodAccessorImpl.java:43)
	at java.lang.reflect.Method.invoke(Method.java:483)
	at org.testng.internal.MethodInvocationHelper.invokeMethod(MethodInvocationHelper.java:84)
	at org.testng.internal.Invoker.invokeMethod(Invoker.java:714)
	at org.testng.internal.Invoker.invokeTestMethod(Invoker.java:901)
	at org.testng.internal.Invoker.invokeTestMethods(Invoker.java:1231)
	at org.testng.internal.TestMethodWorker.invokeTestMethods(TestMethodWorker.java:127)
	at org.testng.internal.TestMethodWorker.run(TestMethodWorker.java:111)
	at org.testng.TestRunner.privateRun(TestRunner.java:767)
	at org.testng.TestRunner.run(TestRunner.java:617)
	at org.testng.SuiteRunner.runTest(SuiteRunner.java:334)
	at org.testng.SuiteRunner.runSequentially(SuiteRunner.java:329)
	at org.testng.SuiteRunner.privateRun(SuiteRunner.java:291)
	at org.testng.SuiteRunner.run(SuiteRunner.java:240)
	at org.testng.SuiteRunnerWorker.runSuite(SuiteRunnerWorker.java:52)
	at org.testng.SuiteRunnerWorker.run(SuiteRunnerWorker.java:86)
	at org.testng.TestNG.runSuitesSequentially(TestNG.java:1224)
	at org.testng.TestNG.runSuitesLocally(TestNG.java:1149)
	at org.testng.TestNG.run(TestNG.java:1057)
	at org.testng.remote.RemoteTestNG.run(RemoteTestNG.java:111)
	at org.testng.remote.RemoteTestNG.initAndRun(RemoteTestNG.java:204)
	at org.testng.remote.RemoteTestNG.main(RemoteTestNG.java:175)
]]>
            </full-stacktrace>
          </exception> <!-- org.testng.SkipException -->
          <reporter-output>
          </reporter-output>
        </test-method> <!-- test -->
        <test-method status="PASS" signature="tearDown()[pri:0, instance:com.prokarma.main.DriverScript@4232c52b]" name="tearDown" is-config="true" duration-ms="566" started-at="2015-02-10T13:44:24Z" finished-at="2015-02-10T13:44:25Z">
          <reporter-output>
          </reporter-output>
        </test-method> <!-- tearDown -->
      </class> <!-- com.prokarma.main.DriverScript -->
    </test> <!-- Disputes Webservices Testing -->
  </suite> <!-- API_Testing -->
</testng-results>
