<?xml version="1.0" encoding="UTF-8"?>
<!-- Generated by org.testng.reporters.JUnitXMLReporter -->
<testsuite hostname="Surendra-PC" name="Disputes Webservices Testing" tests="4" failures="0" timestamp="10 Feb 2015 08:14:24 GMT" time="2.982" errors="0">
  <testcase name="test" time="2.216" classname="com.prokarma.main.DriverScript"/>
  <testcase name="test" time="0.26" classname="com.prokarma.main.DriverScript"/>
  <testcase name="test" time="0.143" classname="com.prokarma.main.DriverScript"/>
  <testcase name="test" time="0.152" classname="com.prokarma.main.DriverScript">
    <skipped/>
  </testcase> <!-- test -->
</testsuite> <!-- Disputes Webservices Testing -->
