<?xml version="1.0" encoding="UTF-8"?>
<!-- Generated by org.testng.reporters.JUnitXMLReporter -->
<testsuite hostname="Surendra-PC" name="Disputes Webservices Testing" tests="4" failures="0" timestamp="1 Apr 2015 09:42:16 GMT" time="0.49" errors="0">
  <testcase name="@BeforeClass init" time="0.0" classname="com.prokarma.main.DriverScript">
    <failure type="java.lang.AssertionError" message="Test Failed : Access denied for user &amp;apos;root&amp;apos;@&amp;apos;localhost&amp;apos; (using password: NO)">
      <![CDATA[java.lang.AssertionError: Test Failed : Access denied for user 'root'@'localhost' (using password: NO)
	at com.prokarma.testfactory.APITestFactory.testFailed(APITestFactory.java:559)
	at com.prokarma.testfactory.APITestFactory.init(APITestFactory.java:75)
... Removed 28 stack frames]]>
    </failure>
  </testcase> <!-- @BeforeClass init -->
  <testcase name="test" time="0.001" classname="com.prokarma.main.DriverScript">
    <skipped/>
  </testcase> <!-- test -->
  <testcase name="test" time="0.0" classname="com.prokarma.main.DriverScript">
    <skipped/>
  </testcase> <!-- test -->
  <testcase name="test" time="0.001" classname="com.prokarma.main.DriverScript">
    <skipped/>
  </testcase> <!-- test -->
  <testcase name="test" time="0.001" classname="com.prokarma.main.DriverScript">
    <skipped/>
  </testcase> <!-- test -->
</testsuite> <!-- Disputes Webservices Testing -->
